<?xml version="1.0" encoding="UTF-8"?>
<!-- Generated by org.testng.reporters.JUnitXMLReporter -->
<testsuite ignored="0" hostname="DESKTOP-6CEB7OL" failures="0" tests="6" name="Firefox" time="93.44" errors="0" timestamp="2021-06-07T09:41:55 IST">
  <testcase classname="com.pom.testingclasses.VerifyAmazonPayTabs" name="verifyDTH" time="2.218"/>
  <testcase classname="com.pom.testingclasses.VerifyAmazonPayTabs" name="verifyElectricity" time="1.337"/>
  <testcase classname="com.pom.testingclasses.VerifyAmazonPayTabs" name="verifyGasCylinder" time="1.55"/>
  <testcase classname="com.pom.testingclasses.VerifyAmazonPayTabs" name="verifyInsurance" time="1.497"/>
  <testcase classname="com.pom.testingclasses.VerifyAmazonPayTabs" name="verifyMobileRecharge" time="1.198"/>
  <testcase classname="com.pom.testingclasses.VerifyAmazonPayTabs" name="verifyPostpaid" time="1.17"/>
</testsuite> <!-- Firefox -->
